This is pdfTeX, Version 3.14159265-2.6-1.40.19 (MiKTeX 2.9.6800 64-bit) (preloaded format=pdflatex 2018.9.25)  2 MAY 2019 21:13
entering extended mode
**./final_report.tex
(final_report.tex
LaTeX2e <2018-04-01> patch level 5

("C:\Users\Larry Cheung\AppData\Local\Programs\MiKTeX 2.9\tex\latex\base\articl
e.cls"
Document Class: article 2014/09/29 v1.4h Standard LaTeX document class

("C:\Users\Larry Cheung\AppData\Local\Programs\MiKTeX 2.9\tex\latex\base\size11
.clo"
File: size11.clo 2014/09/29 v1.4h Standard LaTeX file (size option)
)
\c@part=\count80
\c@section=\count81
\c@subsection=\count82
\c@subsubsection=\count83
\c@paragraph=\count84
\c@subparagraph=\count85
\c@figure=\count86
\c@table=\count87
\abovecaptionskip=\skip41
\belowcaptionskip=\skip42
\bibindent=\dimen102
)
("C:\Users\Larry Cheung\AppData\Local\Programs\MiKTeX 2.9\tex\latex\geometry\ge
ometry.sty"
Package: geometry 2018/04/16 v5.8 Page Geometry

("C:\Users\Larry Cheung\AppData\Local\Programs\MiKTeX 2.9\tex\latex\graphics\ke
yval.sty"
Package: keyval 2014/10/28 v1.15 key=value parser (DPC)
\KV@toks@=\toks14
)
("C:\Users\Larry Cheung\AppData\Local\Programs\MiKTeX 2.9\tex\generic\oberdiek\
ifpdf.sty"
Package: ifpdf 2017/03/15 v3.2 Provides the ifpdf switch
)
("C:\Users\Larry Cheung\AppData\Local\Programs\MiKTeX 2.9\tex\generic\oberdiek\
ifvtex.sty"
Package: ifvtex 2016/05/16 v1.6 Detect VTeX and its facilities (HO)
Package ifvtex Info: VTeX not detected.
)
("C:\Users\Larry Cheung\AppData\Local\Programs\MiKTeX 2.9\tex\generic\ifxetex\i
fxetex.sty"
Package: ifxetex 2010/09/12 v0.6 Provides ifxetex conditional
)
\Gm@cnth=\count88
\Gm@cntv=\count89
\c@Gm@tempcnt=\count90
\Gm@bindingoffset=\dimen103
\Gm@wd@mp=\dimen104
\Gm@odd@mp=\dimen105
\Gm@even@mp=\dimen106
\Gm@layoutwidth=\dimen107
\Gm@layoutheight=\dimen108
\Gm@layouthoffset=\dimen109
\Gm@layoutvoffset=\dimen110
\Gm@dimlist=\toks15

("C:\Users\Larry Cheung\AppData\Local\Programs\MiKTeX 2.9\tex\latex\geometry\ge
ometry.cfg"))
("C:\Users\Larry Cheung\AppData\Local\Programs\MiKTeX 2.9\tex\latex\url\url.sty
"
\Urlmuskip=\muskip10
Package: url 2013/09/16  ver 3.4  Verb mode for urls, etc.
)
("C:\Users\Larry Cheung\AppData\Local\Programs\MiKTeX 2.9\tex\latex\amsmath\ams
math.sty"
Package: amsmath 2017/09/02 v2.17a AMS math features
\@mathmargin=\skip43

For additional information on amsmath, use the `?' option.

("C:\Users\Larry Cheung\AppData\Local\Programs\MiKTeX 2.9\tex\latex\amsmath\ams
text.sty"
Package: amstext 2000/06/29 v2.01 AMS text

("C:\Users\Larry Cheung\AppData\Local\Programs\MiKTeX 2.9\tex\latex\amsmath\ams
gen.sty"
File: amsgen.sty 1999/11/30 v2.0 generic functions
\@emptytoks=\toks16
\ex@=\dimen111
))
("C:\Users\Larry Cheung\AppData\Local\Programs\MiKTeX 2.9\tex\latex\amsmath\ams
bsy.sty"
Package: amsbsy 1999/11/29 v1.2d Bold Symbols
\pmbraise@=\dimen112
)
("C:\Users\Larry Cheung\AppData\Local\Programs\MiKTeX 2.9\tex\latex\amsmath\ams
opn.sty"
Package: amsopn 2016/03/08 v2.02 operator names
)
\inf@bad=\count91
LaTeX Info: Redefining \frac on input line 213.
\uproot@=\count92
\leftroot@=\count93
LaTeX Info: Redefining \overline on input line 375.
\classnum@=\count94
\DOTSCASE@=\count95
LaTeX Info: Redefining \ldots on input line 472.
LaTeX Info: Redefining \dots on input line 475.
LaTeX Info: Redefining \cdots on input line 596.
\Mathstrutbox@=\box26
\strutbox@=\box27
\big@size=\dimen113
LaTeX Font Info:    Redeclaring font encoding OML on input line 712.
LaTeX Font Info:    Redeclaring font encoding OMS on input line 713.
\macc@depth=\count96
\c@MaxMatrixCols=\count97
\dotsspace@=\muskip11
\c@parentequation=\count98
\dspbrk@lvl=\count99
\tag@help=\toks17
\row@=\count100
\column@=\count101
\maxfields@=\count102
\andhelp@=\toks18
\eqnshift@=\dimen114
\alignsep@=\dimen115
\tagshift@=\dimen116
\tagwidth@=\dimen117
\totwidth@=\dimen118
\lineht@=\dimen119
\@envbody=\toks19
\multlinegap=\skip44
\multlinetaggap=\skip45
\mathdisplay@stack=\toks20
LaTeX Info: Redefining \[ on input line 2817.
LaTeX Info: Redefining \] on input line 2818.
)
("C:\Users\Larry Cheung\AppData\Local\Programs\MiKTeX 2.9\tex\latex\amsfonts\am
ssymb.sty"
Package: amssymb 2013/01/14 v3.01 AMS font symbols

("C:\Users\Larry Cheung\AppData\Local\Programs\MiKTeX 2.9\tex\latex\amsfonts\am
sfonts.sty"
Package: amsfonts 2013/01/14 v3.01 Basic AMSFonts support
\symAMSa=\mathgroup4
\symAMSb=\mathgroup5
LaTeX Font Info:    Overwriting math alphabet `\mathfrak' in version `bold'
(Font)                  U/euf/m/n --> U/euf/b/n on input line 106.
))
("C:\Users\Larry Cheung\AppData\Local\Programs\MiKTeX 2.9\tex\latex\tools\xspac
e.sty"
Package: xspace 2014/10/28 v1.13 Space after command names (DPC,MH)
)
("C:\Users\Larry Cheung\AppData\Local\Programs\MiKTeX 2.9\tex\latex\graphics\gr
aphicx.sty"
Package: graphicx 2017/06/01 v1.1a Enhanced LaTeX Graphics (DPC,SPQR)

("C:\Users\Larry Cheung\AppData\Local\Programs\MiKTeX 2.9\tex\latex\graphics\gr
aphics.sty"
Package: graphics 2017/06/25 v1.2c Standard LaTeX Graphics (DPC,SPQR)

("C:\Users\Larry Cheung\AppData\Local\Programs\MiKTeX 2.9\tex\latex\graphics\tr
ig.sty"
Package: trig 2016/01/03 v1.10 sin cos tan (DPC)
)
("C:\Users\Larry Cheung\AppData\Local\Programs\MiKTeX 2.9\tex\latex\graphics-cf
g\graphics.cfg"
File: graphics.cfg 2016/06/04 v1.11 sample graphics configuration
)
Package graphics Info: Driver file: pdftex.def on input line 99.

("C:\Users\Larry Cheung\AppData\Local\Programs\MiKTeX 2.9\tex\latex\graphics-de
f\pdftex.def"
File: pdftex.def 2018/01/08 v1.0l Graphics/color driver for pdftex
))
\Gin@req@height=\dimen120
\Gin@req@width=\dimen121
)
("C:\Users\Larry Cheung\AppData\Local\Programs\MiKTeX 2.9\tex\latex\hyperref\hy
perref.sty"
Package: hyperref 2018/02/06 v6.86b Hypertext links for LaTeX

("C:\Users\Larry Cheung\AppData\Local\Programs\MiKTeX 2.9\tex\generic\oberdiek\
hobsub-hyperref.sty"
Package: hobsub-hyperref 2016/05/16 v1.14 Bundle oberdiek, subset hyperref (HO)


("C:\Users\Larry Cheung\AppData\Local\Programs\MiKTeX 2.9\tex\generic\oberdiek\
hobsub-generic.sty"
Package: hobsub-generic 2016/05/16 v1.14 Bundle oberdiek, subset generic (HO)
Package: hobsub 2016/05/16 v1.14 Construct package bundles (HO)
Package: infwarerr 2016/05/16 v1.4 Providing info/warning/error messages (HO)
Package: ltxcmds 2016/05/16 v1.23 LaTeX kernel commands for general use (HO)
Package: ifluatex 2016/05/16 v1.4 Provides the ifluatex switch (HO)
Package ifluatex Info: LuaTeX not detected.
Package hobsub Info: Skipping package `ifvtex' (already loaded).
Package: intcalc 2016/05/16 v1.2 Expandable calculations with integers (HO)
Package hobsub Info: Skipping package `ifpdf' (already loaded).
Package: etexcmds 2016/05/16 v1.6 Avoid name clashes with e-TeX commands (HO)
Package etexcmds Info: Could not find \expanded.
(etexcmds)             That can mean that you are not using pdfTeX 1.50 or
(etexcmds)             that some package has redefined \expanded.
(etexcmds)             In the latter case, load this package earlier.
Package: kvsetkeys 2016/05/16 v1.17 Key value parser (HO)
Package: kvdefinekeys 2016/05/16 v1.4 Define keys (HO)
Package: pdftexcmds 2018/01/30 v0.27 Utility functions of pdfTeX for LuaTeX (HO
)
Package pdftexcmds Info: LuaTeX not detected.
Package pdftexcmds Info: \pdf@primitive is available.
Package pdftexcmds Info: \pdf@ifprimitive is available.
Package pdftexcmds Info: \pdfdraftmode found.
Package: pdfescape 2016/05/16 v1.14 Implements pdfTeX's escape features (HO)
Package: bigintcalc 2016/05/16 v1.4 Expandable calculations on big integers (HO
)
Package: bitset 2016/05/16 v1.2 Handle bit-vector datatype (HO)
Package: uniquecounter 2016/05/16 v1.3 Provide unlimited unique counter (HO)
)
Package hobsub Info: Skipping package `hobsub' (already loaded).
Package: letltxmacro 2016/05/16 v1.5 Let assignment for LaTeX macros (HO)
Package: hopatch 2016/05/16 v1.3 Wrapper for package hooks (HO)
Package: xcolor-patch 2016/05/16 xcolor patch
Package: atveryend 2016/05/16 v1.9 Hooks at the very end of document (HO)
Package atveryend Info: \enddocument detected (standard20110627).
Package: atbegshi 2016/06/09 v1.18 At begin shipout hook (HO)
Package: refcount 2016/05/16 v3.5 Data extraction from label references (HO)
Package: hycolor 2016/05/16 v1.8 Color options for hyperref/bookmark (HO)
)
("C:\Users\Larry Cheung\AppData\Local\Programs\MiKTeX 2.9\tex\latex\oberdiek\au
xhook.sty"
Package: auxhook 2016/05/16 v1.4 Hooks for auxiliary files (HO)
)
("C:\Users\Larry Cheung\AppData\Local\Programs\MiKTeX 2.9\tex\latex\oberdiek\kv
options.sty"
Package: kvoptions 2016/05/16 v3.12 Key value format for package options (HO)
)
\@linkdim=\dimen122
\Hy@linkcounter=\count103
\Hy@pagecounter=\count104

("C:\Users\Larry Cheung\AppData\Local\Programs\MiKTeX 2.9\tex\latex\hyperref\pd
1enc.def"
File: pd1enc.def 2018/02/06 v6.86b Hyperref: PDFDocEncoding definition (HO)
Now handling font encoding PD1 ...
... no UTF-8 mapping file for font encoding PD1
)
\Hy@SavedSpaceFactor=\count105

("C:\Users\Larry Cheung\AppData\Local\Programs\MiKTeX 2.9\tex\latex\00miktex\hy
perref.cfg"
File: hyperref.cfg 2002/06/06 v1.2 hyperref configuration of TeXLive
)
Package hyperref Info: Hyper figures OFF on input line 4509.
Package hyperref Info: Link nesting OFF on input line 4514.
Package hyperref Info: Hyper index ON on input line 4517.
Package hyperref Info: Plain pages OFF on input line 4524.
Package hyperref Info: Backreferencing OFF on input line 4529.
Package hyperref Info: Implicit mode ON; LaTeX internals redefined.
Package hyperref Info: Bookmarks ON on input line 4762.
\c@Hy@tempcnt=\count106
LaTeX Info: Redefining \url on input line 5115.
\XeTeXLinkMargin=\dimen123
\Fld@menulength=\count107
\Field@Width=\dimen124
\Fld@charsize=\dimen125
Package hyperref Info: Hyper figures OFF on input line 6369.
Package hyperref Info: Link nesting OFF on input line 6374.
Package hyperref Info: Hyper index ON on input line 6377.
Package hyperref Info: backreferencing OFF on input line 6384.
Package hyperref Info: Link coloring OFF on input line 6389.
Package hyperref Info: Link coloring with OCG OFF on input line 6394.
Package hyperref Info: PDF/A mode OFF on input line 6399.
LaTeX Info: Redefining \ref on input line 6439.
LaTeX Info: Redefining \pageref on input line 6443.
\Hy@abspage=\count108
\c@Item=\count109
\c@Hfootnote=\count110
)
Package hyperref Info: Driver (autodetected): hpdftex.

("C:\Users\Larry Cheung\AppData\Local\Programs\MiKTeX 2.9\tex\latex\hyperref\hp
dftex.def"
File: hpdftex.def 2018/02/06 v6.86b Hyperref driver for pdfTeX
\Fld@listcount=\count111
\c@bookmark@seq@number=\count112

("C:\Users\Larry Cheung\AppData\Local\Programs\MiKTeX 2.9\tex\latex\oberdiek\re
runfilecheck.sty"
Package: rerunfilecheck 2016/05/16 v1.8 Rerun checks for auxiliary files (HO)
Package uniquecounter Info: New unique counter `rerunfilecheck' on input line 2
82.
)
\Hy@SectionHShift=\skip46
)
("C:\Users\Larry Cheung\AppData\Local\Programs\MiKTeX 2.9\tex\latex\listings\li
stings.sty"
\lst@mode=\count113
\lst@gtempboxa=\box28
\lst@token=\toks21
\lst@length=\count114
\lst@currlwidth=\dimen126
\lst@column=\count115
\lst@pos=\count116
\lst@lostspace=\dimen127
\lst@width=\dimen128
\lst@newlines=\count117
\lst@lineno=\count118
\lst@maxwidth=\dimen129

("C:\Users\Larry Cheung\AppData\Local\Programs\MiKTeX 2.9\tex\latex\listings\ls
tmisc.sty"
File: lstmisc.sty 2018/09/02 1.7 (Carsten Heinz)
\c@lstnumber=\count119
\lst@skipnumbers=\count120
\lst@framebox=\box29
)
("C:\Users\Larry Cheung\AppData\Local\Programs\MiKTeX 2.9\tex\latex\listings\li
stings.cfg"
File: listings.cfg 2018/09/02 1.7 listings configuration
))
Package: listings 2018/09/02 1.7 (Carsten Heinz)

("C:\Users\Larry Cheung\AppData\Local\Programs\MiKTeX 2.9\tex\latex\tools\bm.st
y"
Package: bm 2017/01/16 v1.2c Bold Symbol Support (DPC/FMi)
\symboldoperators=\mathgroup6
\symboldletters=\mathgroup7
\symboldsymbols=\mathgroup8
LaTeX Font Info:    Redeclaring math alphabet \mathbf on input line 141.
LaTeX Info: Redefining \bm on input line 207.
)
("C:\Users\Larry Cheung\AppData\Local\Programs\MiKTeX 2.9\tex\latex\float\float
.sty"
Package: float 2001/11/08 v1.3d Float enhancements (AL)
\c@float@type=\count121
\float@exts=\toks22
\float@box=\box30
\@float@everytoks=\toks23
\@floatcapt=\box31
)
("C:\Users\Larry Cheung\AppData\Local\Programs\MiKTeX 2.9\tex\latex\graphics\co
lor.sty"
Package: color 2016/07/10 v1.1e Standard LaTeX Color (DPC)

("C:\Users\Larry Cheung\AppData\Local\Programs\MiKTeX 2.9\tex\latex\graphics-cf
g\color.cfg"
File: color.cfg 2016/01/02 v1.6 sample color configuration
)
Package color Info: Driver file: pdftex.def on input line 147.
)
("C:\Users\Larry Cheung\AppData\Local\Programs\MiKTeX 2.9\tex\latex\graphics\ep
sfig.sty"
Package: epsfig 2017/06/25 v1.7b (e)psfig emulation (SPQR)
\epsfxsize=\dimen130
\epsfysize=\dimen131
)
("C:\Users\Larry Cheung\AppData\Local\Programs\MiKTeX 2.9\tex\latex\graphics\ro
tating.sty"
Package: rotating 2016/08/11 v2.16d rotated objects in LaTeX

("C:\Users\Larry Cheung\AppData\Local\Programs\MiKTeX 2.9\tex\latex\base\ifthen
.sty"
Package: ifthen 2014/09/29 v1.1c Standard LaTeX ifthen package (DPC)
)
\c@r@tfl@t=\count122
\rotFPtop=\skip47
\rotFPbot=\skip48
\rot@float@box=\box32
\rot@mess@toks=\toks24
)
("C:\Users\Larry Cheung\AppData\Local\Programs\MiKTeX 2.9\tex\latex\caption\sub
caption.sty"
Package: subcaption 2018/05/01 v1.1-162 Sub-captions (AR)

("C:\Users\Larry Cheung\AppData\Local\Programs\MiKTeX 2.9\tex\latex\caption\cap
tion.sty"
Package: caption 2018/10/06 v3.3-154 Customizing captions (AR)

("C:\Users\Larry Cheung\AppData\Local\Programs\MiKTeX 2.9\tex\latex\caption\cap
tion3.sty"
Package: caption3 2018/09/12 v1.8c caption3 kernel (AR)
Package caption3 Info: TeX engine: e-TeX on input line 64.
\captionmargin=\dimen132
\captionmargin@=\dimen133
\captionwidth=\dimen134
\caption@tempdima=\dimen135
\caption@indent=\dimen136
\caption@parindent=\dimen137
\caption@hangindent=\dimen138
)
\c@caption@flags=\count123
\c@ContinuedFloat=\count124
Package caption Info: float package is loaded.
Package caption Info: hyperref package is loaded.
Package caption Info: listings package is loaded.
Package caption Info: rotating package is loaded.
)
\c@subfigure=\count125
\c@subtable=\count126
)

LaTeX Warning: Unused global option(s):
    [fullpage].

(final_report.aux)
\openout1 = `final_report.aux'.

LaTeX Font Info:    Checking defaults for OML/cmm/m/it on input line 31.
LaTeX Font Info:    ... okay on input line 31.
LaTeX Font Info:    Checking defaults for T1/cmr/m/n on input line 31.
LaTeX Font Info:    ... okay on input line 31.
LaTeX Font Info:    Checking defaults for OT1/cmr/m/n on input line 31.
LaTeX Font Info:    ... okay on input line 31.
LaTeX Font Info:    Checking defaults for OMS/cmsy/m/n on input line 31.
LaTeX Font Info:    ... okay on input line 31.
LaTeX Font Info:    Checking defaults for OMX/cmex/m/n on input line 31.
LaTeX Font Info:    ... okay on input line 31.
LaTeX Font Info:    Checking defaults for U/cmr/m/n on input line 31.
LaTeX Font Info:    ... okay on input line 31.
LaTeX Font Info:    Checking defaults for PD1/pdf/m/n on input line 31.
LaTeX Font Info:    ... okay on input line 31.

*geometry* driver: auto-detecting
*geometry* detected driver: pdftex
*geometry* verbose mode - [ preamble ] result:
* driver: pdftex
* paper: letterpaper
* layout: <same size as paper>
* layoutoffset:(h,v)=(0.0pt,0.0pt)
* modes: 
* h-part:(L,W,R)=(72.26999pt, 469.75502pt, 72.26999pt)
* v-part:(T,H,B)=(72.26999pt, 650.43001pt, 72.26999pt)
* \paperwidth=614.295pt
* \paperheight=794.96999pt
* \textwidth=469.75502pt
* \textheight=650.43001pt
* \oddsidemargin=0.0pt
* \evensidemargin=0.0pt
* \topmargin=-37.0pt
* \headheight=12.0pt
* \headsep=25.0pt
* \topskip=11.0pt
* \footskip=30.0pt
* \marginparwidth=59.0pt
* \marginparsep=10.0pt
* \columnsep=10.0pt
* \skip\footins=10.0pt plus 4.0pt minus 2.0pt
* \hoffset=0.0pt
* \voffset=0.0pt
* \mag=1000
* \@twocolumnfalse
* \@twosidefalse
* \@mparswitchfalse
* \@reversemarginfalse
* (1in=72.27pt=25.4mm, 1cm=28.453pt)


("C:\Users\Larry Cheung\AppData\Local\Programs\MiKTeX 2.9\tex\context\base\supp
-pdf.mkii"
[Loading MPS to PDF converter (version 2006.09.02).]
\scratchcounter=\count127
\scratchdimen=\dimen139
\scratchbox=\box33
\nofMPsegments=\count128
\nofMParguments=\count129
\everyMPshowfont=\toks25
\MPscratchCnt=\count130
\MPscratchDim=\dimen140
\MPnumerator=\count131
\makeMPintoPDFobject=\count132
\everyMPtoPDFconversion=\toks26
)
("C:\Users\Larry Cheung\AppData\Local\Programs\MiKTeX 2.9\tex\latex\oberdiek\ep
stopdf-base.sty"
Package: epstopdf-base 2016/05/15 v2.6 Base part for package epstopdf

("C:\Users\Larry Cheung\AppData\Local\Programs\MiKTeX 2.9\tex\latex\oberdiek\gr
fext.sty"
Package: grfext 2016/05/16 v1.2 Manage graphics extensions (HO)
)
Package epstopdf-base Info: Redefining graphics rule for `.eps' on input line 4
38.
Package grfext Info: Graphics extension search list:
(grfext)             [.pdf,.png,.jpg,.mps,.jpeg,.jbig2,.jb2,.PDF,.PNG,.JPG,.JPE
G,.JBIG2,.JB2,.eps]
(grfext)             \AppendGraphicsExtensions on input line 456.
)
\AtBeginShipoutBox=\box34
Package hyperref Info: Link coloring OFF on input line 31.

("C:\Users\Larry Cheung\AppData\Local\Programs\MiKTeX 2.9\tex\latex\hyperref\na
meref.sty"
Package: nameref 2016/05/21 v2.44 Cross-referencing by name of section

("C:\Users\Larry Cheung\AppData\Local\Programs\MiKTeX 2.9\tex\generic\oberdiek\
gettitlestring.sty"
Package: gettitlestring 2016/05/16 v1.5 Cleanup title references (HO)
)
\c@section@level=\count133
)
LaTeX Info: Redefining \ref on input line 31.
LaTeX Info: Redefining \pageref on input line 31.
LaTeX Info: Redefining \nameref on input line 31.
 (final_report.out) (final_report.out)
\@outlinefile=\write3
\openout3 = `final_report.out'.

\c@lstlisting=\count134
Package caption Info: Begin \AtBeginDocument code.
Package caption Info: End \AtBeginDocument code.
LaTeX Font Info:    Try loading font information for U+msa on input line 33.

("C:\Users\Larry Cheung\AppData\Local\Programs\MiKTeX 2.9\tex\latex\amsfonts\um
sa.fd"
File: umsa.fd 2013/01/14 v3.01 AMS symbols A
)
LaTeX Font Info:    Try loading font information for U+msb on input line 33.

("C:\Users\Larry Cheung\AppData\Local\Programs\MiKTeX 2.9\tex\latex\amsfonts\um
sb.fd"
File: umsb.fd 2013/01/14 v3.01 AMS symbols B
)
LaTeX Font Info:    Try loading font information for OMS+cmr on input line 33.

("C:\Users\Larry Cheung\AppData\Local\Programs\MiKTeX 2.9\tex\latex\base\omscmr
.fd"
File: omscmr.fd 2014/09/29 v2.5h Standard LaTeX font definitions
)
LaTeX Font Info:    Font shape `OMS/cmr/m/n' in size <12> not available
(Font)              Font shape `OMS/cmsy/m/n' tried instead on input line 33.

Overfull \hbox (11.76637pt too wide) in paragraph at lines 36--37
[]$\OT1/cmtt/m/n/10.95 https : / / github . com / nwoolsey / MachineLearningSpr
ing2019 / tree / master / CourseProject$[]
 []


Overfull \hbox (18.13701pt too wide) in paragraph at lines 36--37
\OT1/cmr/m/n/10.95 and []$\OT1/cmtt/m/n/10.95 https : / / github . com / xiangz
hang-[]122 / Machine _ Learning / tree / master / CourseProject$[]\OT1/cmr/m/n/
10.95 .
 []

<sys_architecture.pdf, id=5, 584.78473pt x 301.72725pt>
File: sys_architecture.pdf Graphic file (type pdf)
<use sys_architecture.pdf>
Package pdftex.def Info: sys_architecture.pdf  used on input line 41.
(pdftex.def)             Requested size: 281.85587pt x 145.42595pt.
[1

{C:/Users/Larry Cheung/AppData/Local/MiKTeX/2.9/pdftex/config/pdftex.map} <./sy
s_architecture.pdf>] [2] [3] [4]
<Figure_0.png, id=75, 529.7391pt x 372.1905pt>
File: Figure_0.png Graphic file (type png)
<use Figure_0.png>
Package pdftex.def Info: Figure_0.png  used on input line 92.
(pdftex.def)             Requested size: 341.43306pt x 239.8935pt.
 [5 <./Figure_0.png>]
<figure_1.png, id=85, 392.46625pt x 252.945pt>
File: figure_1.png Graphic file (type png)
<use figure_1.png>
Package pdftex.def Info: figure_1.png  used on input line 111.
(pdftex.def)             Requested size: 234.8775pt x 151.3822pt.
<figure_2.png, id=86, 389.455pt x 252.945pt>
File: figure_2.png Graphic file (type png)
<use figure_2.png>
Package pdftex.def Info: figure_2.png  used on input line 117.
(pdftex.def)             Requested size: 234.8775pt x 152.5478pt.
<figure_3_tao2.png, id=87, 389.455pt x 252.945pt>
File: figure_3_tao2.png Graphic file (type png)
<use figure_3_tao2.png>
Package pdftex.def Info: figure_3_tao2.png  used on input line 124.
(pdftex.def)             Requested size: 234.8775pt x 152.5478pt.
<figure_4_tao2.png, id=88, 382.42876pt x 252.945pt>
File: figure_4_tao2.png Graphic file (type png)
<use figure_4_tao2.png>
Package pdftex.def Info: figure_4_tao2.png  used on input line 130.
(pdftex.def)             Requested size: 234.8775pt x 155.35376pt.
<fig_no_shuffle.png, id=93, 382.42876pt x 252.945pt>
File: fig_no_shuffle.png Graphic file (type png)
<use fig_no_shuffle.png>
Package pdftex.def Info: fig_no_shuffle.png  used on input line 142.
(pdftex.def)             Requested size: 281.85587pt x 186.43146pt.
 [6] [7 <./figure_1.png> <./figure_2.png> <./figure_3_tao2.png> <./figure_4_tao
2.png>]
<ff_2.png, id=112, 379.4175pt x 252.945pt>
File: ff_2.png Graphic file (type png)
<use ff_2.png>
Package pdftex.def Info: ff_2.png  used on input line 152.
(pdftex.def)             Requested size: 281.85587pt x 187.90584pt.
Package epstopdf Info: Source file: <Figure_LR_data.eps>
(epstopdf)                    date: 2019-04-27 13:12:32
(epstopdf)                    size: 29331 bytes
(epstopdf)             Output file: <Figure_LR_data-eps-converted-to.pdf>
(epstopdf)                    date: 2019-04-27 13:12:39
(epstopdf)                    size: 10799 bytes
(epstopdf)             Command: <epstopdf --outfile=Figure_LR_data-eps-converte
d-to.pdf Figure_LR_data.eps>
(epstopdf)             \includegraphics on input line 179.
Package epstopdf Info: Output file is already uptodate.
<Figure_LR_data-eps-converted-to.pdf, id=113, 421.575pt x 316.18124pt>
File: Figure_LR_data-eps-converted-to.pdf Graphic file (type pdf)
<use Figure_LR_data-eps-converted-to.pdf>
Package pdftex.def Info: Figure_LR_data-eps-converted-to.pdf  used on input lin
e 179.
(pdftex.def)             Requested size: 284.52756pt x 213.39865pt.
 [8 <./fig_no_shuffle.png>] [9 <./ff_2.png>]
Package epstopdf Info: Source file: <LocalUpdates.eps>
(epstopdf)                    date: 2019-04-27 15:49:56
(epstopdf)                    size: 199946 bytes
(epstopdf)             Output file: <LocalUpdates-eps-converted-to.pdf>
(epstopdf)                    date: 2019-04-27 15:49:59
(epstopdf)                    size: 73844 bytes
(epstopdf)             Command: <epstopdf --outfile=LocalUpdates-eps-converted-
to.pdf LocalUpdates.eps>
(epstopdf)             \includegraphics on input line 248.
Package epstopdf Info: Output file is already uptodate.
<LocalUpdates-eps-converted-to.pdf, id=134, 943.525pt x 330.23375pt>
File: LocalUpdates-eps-converted-to.pdf Graphic file (type pdf)
<use LocalUpdates-eps-converted-to.pdf>
Package pdftex.def Info: LocalUpdates-eps-converted-to.pdf  used on input line 
248.
(pdftex.def)             Requested size: 569.05511pt x 199.16971pt.
 [10 <./Figure_LR_data-eps-converted-to.pdf>]
Package epstopdf Info: Source file: <GlobalUpdates.eps>
(epstopdf)                    date: 2019-04-27 15:49:05
(epstopdf)                    size: 203035 bytes
(epstopdf)             Output file: <GlobalUpdates-eps-converted-to.pdf>
(epstopdf)                    date: 2019-04-27 15:50:00
(epstopdf)                    size: 37127 bytes
(epstopdf)             Command: <epstopdf --outfile=GlobalUpdates-eps-converted
-to.pdf GlobalUpdates.eps>
(epstopdf)             \includegraphics on input line 262.
Package epstopdf Info: Output file is already uptodate.
<GlobalUpdates-eps-converted-to.pdf, id=148, 943.525pt x 330.23375pt>
File: GlobalUpdates-eps-converted-to.pdf Graphic file (type pdf)
<use GlobalUpdates-eps-converted-to.pdf>
Package pdftex.def Info: GlobalUpdates-eps-converted-to.pdf  used on input line
 262.
(pdftex.def)             Requested size: 569.05511pt x 199.16971pt.

[11 <./LocalUpdates-eps-converted-to.pdf>]
Package epstopdf Info: Source file: <tau=10.eps>
(epstopdf)                    date: 2019-04-27 15:54:57
(epstopdf)                    size: 205125 bytes
(epstopdf)             Output file: <tau=10-eps-converted-to.pdf>
(epstopdf)                    date: 2019-04-27 15:58:23
(epstopdf)                    size: 47518 bytes
(epstopdf)             Command: <epstopdf --outfile=tau=10-eps-converted-to.pdf
 tau=10.eps>
(epstopdf)             \includegraphics on input line 284.
Package epstopdf Info: Output file is already uptodate.
<tau=10-eps-converted-to.pdf, id=158, 943.525pt x 330.23375pt>
File: tau=10-eps-converted-to.pdf Graphic file (type pdf)
<use tau=10-eps-converted-to.pdf>
Package pdftex.def Info: tau=10-eps-converted-to.pdf  used on input line 284.
(pdftex.def)             Requested size: 569.05511pt x 199.16971pt.
 [12 <./GlobalUpdates-eps-converted-to.pdf>]
Package epstopdf Info: Source file: <tau=10_zoom.eps>
(epstopdf)                    date: 2019-04-27 15:55:32
(epstopdf)                    size: 190542 bytes
(epstopdf)             Output file: <tau=10_zoom-eps-converted-to.pdf>
(epstopdf)                    date: 2019-04-27 15:58:56
(epstopdf)                    size: 47121 bytes
(epstopdf)             Command: <epstopdf --outfile=tau=10_zoom-eps-converted-t
o.pdf tau=10_zoom.eps>
(epstopdf)             \includegraphics on input line 292.
Package epstopdf Info: Output file is already uptodate.
<tau=10_zoom-eps-converted-to.pdf, id=172, 943.525pt x 330.23375pt>
File: tau=10_zoom-eps-converted-to.pdf Graphic file (type pdf)
<use tau=10_zoom-eps-converted-to.pdf>
Package pdftex.def Info: tau=10_zoom-eps-converted-to.pdf  used on input line 2
92.
(pdftex.def)             Requested size: 569.05511pt x 199.16971pt.
Package epstopdf Info: Source file: <tau=100.eps>
(epstopdf)                    date: 2019-04-27 15:53:22
(epstopdf)                    size: 238635 bytes
(epstopdf)             Output file: <tau=100-eps-converted-to.pdf>
(epstopdf)                    date: 2019-04-27 16:06:20
(epstopdf)                    size: 71002 bytes
(epstopdf)             Command: <epstopdf --outfile=tau=100-eps-converted-to.pd
f tau=100.eps>
(epstopdf)             \includegraphics on input line 303.
Package epstopdf Info: Output file is already uptodate.
<tau=100-eps-converted-to.pdf, id=173, 943.525pt x 330.23375pt>
File: tau=100-eps-converted-to.pdf Graphic file (type pdf)
<use tau=100-eps-converted-to.pdf>
Package pdftex.def Info: tau=100-eps-converted-to.pdf  used on input line 303.
(pdftex.def)             Requested size: 569.05511pt x 199.16971pt.
 [13 <./tau=10-eps-converted-to.pdf> <./tau=10_zoom-eps-converted-to.pdf>]
Package epstopdf Info: Source file: <tau=100_zoom.eps>
(epstopdf)                    date: 2019-04-27 15:54:18
(epstopdf)                    size: 218624 bytes
(epstopdf)             Output file: <tau=100_zoom-eps-converted-to.pdf>
(epstopdf)                    date: 2019-04-27 16:06:21
(epstopdf)                    size: 70643 bytes
(epstopdf)             Command: <epstopdf --outfile=tau=100_zoom-eps-converted-
to.pdf tau=100_zoom.eps>
(epstopdf)             \includegraphics on input line 311.
Package epstopdf Info: Output file is already uptodate.
<tau=100_zoom-eps-converted-to.pdf, id=187, 943.525pt x 330.23375pt>
File: tau=100_zoom-eps-converted-to.pdf Graphic file (type pdf)
<use tau=100_zoom-eps-converted-to.pdf>
Package pdftex.def Info: tau=100_zoom-eps-converted-to.pdf  used on input line 
311.
(pdftex.def)             Requested size: 569.05511pt x 199.16971pt.
 [14 <./tau=100-eps-converted-to.pdf> <./tau=100_zoom-eps-converted-to.pdf>]
Package epstopdf Info: Source file: <dynamic_tau.eps>
(epstopdf)                    date: 2019-04-27 16:19:28
(epstopdf)                    size: 200876 bytes
(epstopdf)             Output file: <dynamic_tau-eps-converted-to.pdf>
(epstopdf)                    date: 2019-04-27 16:21:23
(epstopdf)                    size: 86613 bytes
(epstopdf)             Command: <epstopdf --outfile=dynamic_tau-eps-converted-t
o.pdf dynamic_tau.eps>
(epstopdf)             \includegraphics on input line 327.
Package epstopdf Info: Output file is already uptodate.
<dynamic_tau-eps-converted-to.pdf, id=201, 943.525pt x 330.23375pt>
File: dynamic_tau-eps-converted-to.pdf Graphic file (type pdf)
<use dynamic_tau-eps-converted-to.pdf>
Package pdftex.def Info: dynamic_tau-eps-converted-to.pdf  used on input line 3
27.
(pdftex.def)             Requested size: 569.05511pt x 199.16971pt.
Package epstopdf Info: Source file: <dynamic_tau_zoom.eps>
(epstopdf)                    date: 2019-04-27 16:20:03
(epstopdf)                    size: 188001 bytes
(epstopdf)             Output file: <dynamic_tau_zoom-eps-converted-to.pdf>
(epstopdf)                    date: 2019-04-27 16:21:24
(epstopdf)                    size: 85486 bytes
(epstopdf)             Command: <epstopdf --outfile=dynamic_tau_zoom-eps-conver
ted-to.pdf dynamic_tau_zoom.eps>
(epstopdf)             \includegraphics on input line 335.
Package epstopdf Info: Output file is already uptodate.
<dynamic_tau_zoom-eps-converted-to.pdf, id=202, 943.525pt x 330.23375pt>
File: dynamic_tau_zoom-eps-converted-to.pdf Graphic file (type pdf)
<use dynamic_tau_zoom-eps-converted-to.pdf>
Package pdftex.def Info: dynamic_tau_zoom-eps-converted-to.pdf  used on input l
ine 335.
(pdftex.def)             Requested size: 569.05511pt x 199.16971pt.

[15 <./dynamic_tau-eps-converted-to.pdf> <./dynamic_tau_zoom-eps-converted-to.p
df>]
Package epstopdf Info: Source file: <shuff_extreme.eps>
(epstopdf)                    date: 2019-05-02 11:30:49
(epstopdf)                    size: 301432 bytes
(epstopdf)             Output file: <shuff_extreme-eps-converted-to.pdf>
(epstopdf)                    date: 2019-05-02 11:32:01
(epstopdf)                    size: 129247 bytes
(epstopdf)             Command: <epstopdf --outfile=shuff_extreme-eps-converted
-to.pdf shuff_extreme.eps>
(epstopdf)             \includegraphics on input line 349.
Package epstopdf Info: Output file is already uptodate.
<shuff_extreme-eps-converted-to.pdf, id=216, 943.525pt x 330.23375pt>
File: shuff_extreme-eps-converted-to.pdf Graphic file (type pdf)
<use shuff_extreme-eps-converted-to.pdf>
Package pdftex.def Info: shuff_extreme-eps-converted-to.pdf  used on input line
 349.
(pdftex.def)             Requested size: 569.05511pt x 199.16971pt.
Package epstopdf Info: Source file: <shuff_extreme_zoom.eps>
(epstopdf)                    date: 2019-05-02 11:31:11
(epstopdf)                    size: 279490 bytes
(epstopdf)             Output file: <shuff_extreme_zoom-eps-converted-to.pdf>
(epstopdf)                    date: 2019-05-02 11:32:01
(epstopdf)                    size: 133835 bytes
(epstopdf)             Command: <epstopdf --outfile=shuff_extreme_zoom-eps-conv
erted-to.pdf shuff_extreme_zoom.eps>
(epstopdf)             \includegraphics on input line 357.
Package epstopdf Info: Output file is already uptodate.
<shuff_extreme_zoom-eps-converted-to.pdf, id=217, 943.525pt x 330.23375pt>
File: shuff_extreme_zoom-eps-converted-to.pdf Graphic file (type pdf)
<use shuff_extreme_zoom-eps-converted-to.pdf>
Package pdftex.def Info: shuff_extreme_zoom-eps-converted-to.pdf  used on input
 line 357.
(pdftex.def)             Requested size: 569.05511pt x 199.16971pt.
 [16 <./shuff_extreme-eps-converted-to.pdf> <./shuff_extreme_zoom-eps-converted
-to.pdf>]
Package epstopdf Info: Source file: <shuff2.eps>
(epstopdf)                    date: 2019-05-02 11:28:59
(epstopdf)                    size: 297929 bytes
(epstopdf)             Output file: <shuff2-eps-converted-to.pdf>
(epstopdf)                    date: 2019-05-02 11:32:02
(epstopdf)                    size: 142662 bytes
(epstopdf)             Command: <epstopdf --outfile=shuff2-eps-converted-to.pdf
 shuff2.eps>
(epstopdf)             \includegraphics on input line 372.
Package epstopdf Info: Output file is already uptodate.
<shuff2-eps-converted-to.pdf, id=230, 943.525pt x 330.23375pt>
File: shuff2-eps-converted-to.pdf Graphic file (type pdf)
<use shuff2-eps-converted-to.pdf>
Package pdftex.def Info: shuff2-eps-converted-to.pdf  used on input line 372.
(pdftex.def)             Requested size: 569.05511pt x 199.16971pt.
Package epstopdf Info: Source file: <shuff2_zoom.eps>
(epstopdf)                    date: 2019-05-02 11:29:27
(epstopdf)                    size: 270611 bytes
(epstopdf)             Output file: <shuff2_zoom-eps-converted-to.pdf>
(epstopdf)                    date: 2019-05-02 11:32:03
(epstopdf)                    size: 141516 bytes
(epstopdf)             Command: <epstopdf --outfile=shuff2_zoom-eps-converted-t
o.pdf shuff2_zoom.eps>
(epstopdf)             \includegraphics on input line 380.
Package epstopdf Info: Output file is already uptodate.
<shuff2_zoom-eps-converted-to.pdf, id=231, 943.525pt x 330.23375pt>
File: shuff2_zoom-eps-converted-to.pdf Graphic file (type pdf)
<use shuff2_zoom-eps-converted-to.pdf>
Package pdftex.def Info: shuff2_zoom-eps-converted-to.pdf  used on input line 3
80.
(pdftex.def)             Requested size: 569.05511pt x 199.16971pt.
 [17 <./shuff2-eps-converted-to.pdf>]
Package atveryend Info: Empty hook `BeforeClearDocument' on input line 405.
 [18 <./shuff2_zoom-eps-converted-to.pdf>]
Package atveryend Info: Empty hook `AfterLastShipout' on input line 405.
 (final_report.aux)
Package atveryend Info: Executing hook `AtVeryEndDocument' on input line 405.
Package atveryend Info: Executing hook `AtEndAfterFileList' on input line 405.
Package rerunfilecheck Info: File `final_report.out' has not changed.
(rerunfilecheck)             Checksum: D41D8CD98F00B204E9800998ECF8427E;0.
Package atveryend Info: Empty hook `AtVeryVeryEnd' on input line 405.
 ) 
Here is how much of TeX's memory you used:
 9366 strings out of 492973
 142950 string characters out of 3123589
 248797 words of memory out of 3000000
 13012 multiletter control sequences out of 15000+200000
 21863 words of font info for 81 fonts, out of 3000000 for 9000
 1141 hyphenation exceptions out of 8191
 42i,15n,40p,3580b,628s stack positions out of 5000i,500n,10000p,200000b,50000s
<C:/Users/Larry Cheung/AppData/Local/Programs/MiKTeX 2.9/fonts/type1/public/a
msfonts/cm/cmbx10.pfb><C:/Users/Larry Cheung/AppData/Local/Programs/MiKTeX 2.9/
fonts/type1/public/amsfonts/cm/cmbx12.pfb><C:/Users/Larry Cheung/AppData/Local/
Programs/MiKTeX 2.9/fonts/type1/public/amsfonts/cm/cmbx8.pfb><C:/Users/Larry Ch
eung/AppData/Local/Programs/MiKTeX 2.9/fonts/type1/public/amsfonts/cm/cmex10.pf
b><C:/Users/Larry Cheung/AppData/Local/Programs/MiKTeX 2.9/fonts/type1/public/a
msfonts/cmextra/cmex8.pfb><C:/Users/Larry Cheung/AppData/Local/Programs/MiKTeX 
2.9/fonts/type1/public/amsfonts/cm/cmmi10.pfb><C:/Users/Larry Cheung/AppData/Lo
cal/Programs/MiKTeX 2.9/fonts/type1/public/amsfonts/cm/cmmi6.pfb><C:/Users/Larr
y Cheung/AppData/Local/Programs/MiKTeX 2.9/fonts/type1/public/amsfonts/cm/cmmi8
.pfb><C:/Users/Larry Cheung/AppData/Local/Programs/MiKTeX 2.9/fonts/type1/publi
c/amsfonts/cm/cmmib10.pfb><C:/Users/Larry Cheung/AppData/Local/Programs/MiKTeX 
2.9/fonts/type1/public/amsfonts/cm/cmr10.pfb><C:/Users/Larry Cheung/AppData/Loc
al/Programs/MiKTeX 2.9/fonts/type1/public/amsfonts/cm/cmr12.pfb><C:/Users/Larry
 Cheung/AppData/Local/Programs/MiKTeX 2.9/fonts/type1/public/amsfonts/cm/cmr17.
pfb><C:/Users/Larry Cheung/AppData/Local/Programs/MiKTeX 2.9/fonts/type1/public
/amsfonts/cm/cmr6.pfb><C:/Users/Larry Cheung/AppData/Local/Programs/MiKTeX 2.9/
fonts/type1/public/amsfonts/cm/cmr8.pfb><C:/Users/Larry Cheung/AppData/Local/Pr
ograms/MiKTeX 2.9/fonts/type1/public/amsfonts/cm/cmr9.pfb><C:/Users/Larry Cheun
g/AppData/Local/Programs/MiKTeX 2.9/fonts/type1/public/amsfonts/cm/cmsy10.pfb><
C:/Users/Larry Cheung/AppData/Local/Programs/MiKTeX 2.9/fonts/type1/public/amsf
onts/cm/cmsy6.pfb><C:/Users/Larry Cheung/AppData/Local/Programs/MiKTeX 2.9/font
s/type1/public/amsfonts/cm/cmsy8.pfb><C:/Users/Larry Cheung/AppData/Local/Progr
ams/MiKTeX 2.9/fonts/type1/public/amsfonts/cm/cmti10.pfb><C:/Users/Larry Cheung
/AppData/Local/Programs/MiKTeX 2.9/fonts/type1/public/amsfonts/cm/cmtt10.pfb><C
:/Users/Larry Cheung/AppData/Local/Programs/MiKTeX 2.9/fonts/type1/public/amsfo
nts/symbols/msam10.pfb><C:/Users/Larry Cheung/AppData/Local/Programs/MiKTeX 2.9
/fonts/type1/public/amsfonts/symbols/msbm10.pfb>
Output written on final_report.pdf (18 pages, 1876493 bytes).
PDF statistics:
 340 PDF objects out of 1000 (max. 8388607)
 75 named destinations out of 1000 (max. 500000)
 106 words of extra memory for PDF output out of 10000 (max. 10000000)

